<?xml version="1.0" encoding="UTF-8"?>
<!-- Generated by org.testng.reporters.JUnitXMLReporter -->
<testsuite ignored="28" hostname="FULL065-PRT.local" failures="0" tests="8" name="FormCreator2.0 TestScripts (Default Staging Version) Test Run 3" time="930.997" errors="0" timestamp="2021-09-20T14:43:18 IST">
  <testcase classname="io.testscripts.fc2.o.GoogleSignInTestScripts" name="verifyGoogleSignIn" time="42.426"/>
  <testcase classname="io.testscripts.fc2.o.AccountDetailsTestScripts" name="verifyAcccountDetails" time="80.024"/>
  <testcase classname="io.testscripts.fc2.o.ScenariosTestScripts" name="verifyScenarios" time="81.796"/>
  <testcase classname="io.testscripts.fc2.o.CutAndPasteFieldsTestScripts" name="verifyFieldsEdit" time="177.439"/>
  <testcase classname="io.testscripts.fc2.o.CopyAndPasteFieldsTestScripts" name="verifyCopyPasteFields" time="172.465"/>
  <testcase classname="io.testscripts.fc2.o.HolidayScriptingTestScripts" name="verifyHolidayScripting" time="121.996"/>
  <testcase classname="io.testscripts.fc2.o.UkAccountTestScripts" name="verifyUKAcccount" time="65.254"/>
  <testcase classname="io.testscripts.fc2.o.TimeBasedDecisionTreeTestScripts" name="verifyTimeBasedDecisionTree" time="148.448"/>
  <testcase classname="io.testlibrary.fc2.o.LaunchBrowser" name="@AfterSuite extentReport" time="0.0">
    <ignored/>
  </testcase> <!-- @AfterSuite extentReport -->
  <testcase classname="io.testlibrary.fc2.o.LaunchBrowser" name="@AfterSuite extentReport" time="0.0">
    <ignored/>
  </testcase> <!-- @AfterSuite extentReport -->
  <testcase classname="io.testlibrary.fc2.o.LaunchBrowser" name="@AfterSuite extentReport" time="0.0">
    <ignored/>
  </testcase> <!-- @AfterSuite extentReport -->
  <testcase classname="io.testlibrary.fc2.o.LaunchBrowser" name="@AfterSuite extentReport" time="0.0">
    <ignored/>
  </testcase> <!-- @AfterSuite extentReport -->
  <testcase classname="io.testlibrary.fc2.o.LaunchBrowser" name="@AfterSuite extentReport" time="0.0">
    <ignored/>
  </testcase> <!-- @AfterSuite extentReport -->
  <testcase classname="io.testlibrary.fc2.o.LaunchBrowser" name="@AfterSuite extentReport" time="0.0">
    <ignored/>
  </testcase> <!-- @AfterSuite extentReport -->
  <testcase classname="io.testlibrary.fc2.o.LaunchBrowser" name="@AfterSuite extentReport" time="0.0">
    <ignored/>
  </testcase> <!-- @AfterSuite extentReport -->
  <testcase classname="io.testlibrary.fc2.o.LaunchBrowser" name="@BeforeSuite setupExtentReport" time="0.0">
    <ignored/>
  </testcase> <!-- @BeforeSuite setupExtentReport -->
  <testcase classname="io.testlibrary.fc2.o.LaunchBrowser" name="@BeforeSuite setupExtentReport" time="0.0">
    <ignored/>
  </testcase> <!-- @BeforeSuite setupExtentReport -->
  <testcase classname="io.testlibrary.fc2.o.LaunchBrowser" name="@BeforeSuite setupExtentReport" time="0.0">
    <ignored/>
  </testcase> <!-- @BeforeSuite setupExtentReport -->
  <testcase classname="io.testlibrary.fc2.o.LaunchBrowser" name="@BeforeSuite setupExtentReport" time="0.0">
    <ignored/>
  </testcase> <!-- @BeforeSuite setupExtentReport -->
  <testcase classname="io.testlibrary.fc2.o.LaunchBrowser" name="@BeforeSuite setupExtentReport" time="0.0">
    <ignored/>
  </testcase> <!-- @BeforeSuite setupExtentReport -->
  <testcase classname="io.testlibrary.fc2.o.LaunchBrowser" name="@BeforeSuite setupExtentReport" time="0.0">
    <ignored/>
  </testcase> <!-- @BeforeSuite setupExtentReport -->
  <testcase classname="io.testlibrary.fc2.o.LaunchBrowser" name="@BeforeSuite setupExtentReport" time="0.0">
    <ignored/>
  </testcase> <!-- @BeforeSuite setupExtentReport -->
  <testcase classname="io.testlibrary.fc2.o.LaunchBrowser" name="@AfterTest browserQuit" time="0.0">
    <ignored/>
  </testcase> <!-- @AfterTest browserQuit -->
  <testcase classname="io.testlibrary.fc2.o.LaunchBrowser" name="@AfterTest browserQuit" time="0.0">
    <ignored/>
  </testcase> <!-- @AfterTest browserQuit -->
  <testcase classname="io.testlibrary.fc2.o.LaunchBrowser" name="@AfterTest browserQuit" time="0.0">
    <ignored/>
  </testcase> <!-- @AfterTest browserQuit -->
  <testcase classname="io.testlibrary.fc2.o.LaunchBrowser" name="@AfterTest browserQuit" time="0.0">
    <ignored/>
  </testcase> <!-- @AfterTest browserQuit -->
  <testcase classname="io.testlibrary.fc2.o.LaunchBrowser" name="@AfterTest browserQuit" time="0.0">
    <ignored/>
  </testcase> <!-- @AfterTest browserQuit -->
  <testcase classname="io.testlibrary.fc2.o.LaunchBrowser" name="@AfterTest browserQuit" time="0.0">
    <ignored/>
  </testcase> <!-- @AfterTest browserQuit -->
  <testcase classname="io.testlibrary.fc2.o.LaunchBrowser" name="@AfterTest browserQuit" time="0.0">
    <ignored/>
  </testcase> <!-- @AfterTest browserQuit -->
  <testcase classname="io.testlibrary.fc2.o.LaunchBrowser" name="@BeforeTest BrowserLaunch" time="0.0">
    <ignored/>
  </testcase> <!-- @BeforeTest BrowserLaunch -->
  <testcase classname="io.testlibrary.fc2.o.LaunchBrowser" name="@BeforeTest BrowserLaunch" time="0.0">
    <ignored/>
  </testcase> <!-- @BeforeTest BrowserLaunch -->
  <testcase classname="io.testlibrary.fc2.o.LaunchBrowser" name="@BeforeTest BrowserLaunch" time="0.0">
    <ignored/>
  </testcase> <!-- @BeforeTest BrowserLaunch -->
  <testcase classname="io.testlibrary.fc2.o.LaunchBrowser" name="@BeforeTest BrowserLaunch" time="0.0">
    <ignored/>
  </testcase> <!-- @BeforeTest BrowserLaunch -->
  <testcase classname="io.testlibrary.fc2.o.LaunchBrowser" name="@BeforeTest BrowserLaunch" time="0.0">
    <ignored/>
  </testcase> <!-- @BeforeTest BrowserLaunch -->
  <testcase classname="io.testlibrary.fc2.o.LaunchBrowser" name="@BeforeTest BrowserLaunch" time="0.0">
    <ignored/>
  </testcase> <!-- @BeforeTest BrowserLaunch -->
  <testcase classname="io.testlibrary.fc2.o.LaunchBrowser" name="@BeforeTest BrowserLaunch" time="0.0">
    <ignored/>
  </testcase> <!-- @BeforeTest BrowserLaunch -->
</testsuite> <!-- FormCreator2.0 TestScripts (Default Staging Version) Test Run 3 -->
