<?xml version="1.0" encoding="UTF-8"?>
<!-- Generated by org.testng.reporters.JUnitXMLReporter -->
<testsuite ignored="20" hostname="FULL065-PRT.local" failures="0" tests="6" name="FormCreator2.0 TestScripts (Default Staging Version) Test Run 4" time="812.516" errors="0" timestamp="2021-09-20T14:41:20 IST">
  <testcase classname="io.testscripts.fc2.o.GoogleSignInTestScripts" name="verifyGoogleSignIn" time="54.228"/>
  <testcase classname="io.testscripts.fc2.o.ClearCacheTestScripts" name="verifyClearCache" time="63.231"/>
  <testcase classname="io.testscripts.fc2.o.BusinessHoursAndClosuresTestScripts" name="verifyBusinessHoursAndClosures" time="147.553"/>
  <testcase classname="io.testscripts.fc2.o.SpanishScriptingTestScripts" name="verifySpanishScripting" time="122.798"/>
  <testcase classname="io.testscripts.fc2.o.FormVersionsTestScripts" name="verifyFormVersionsPage" time="143.236"/>
  <testcase classname="io.testscripts.fc2.o.UpdateInCwaTestScripts" name="verifyCwaUpdates" time="257.395"/>
  <testcase classname="io.testlibrary.fc2.o.LaunchBrowser" name="@BeforeSuite setupExtentReport" time="0.0">
    <ignored/>
  </testcase> <!-- @BeforeSuite setupExtentReport -->
  <testcase classname="io.testlibrary.fc2.o.LaunchBrowser" name="@BeforeSuite setupExtentReport" time="0.0">
    <ignored/>
  </testcase> <!-- @BeforeSuite setupExtentReport -->
  <testcase classname="io.testlibrary.fc2.o.LaunchBrowser" name="@BeforeSuite setupExtentReport" time="0.0">
    <ignored/>
  </testcase> <!-- @BeforeSuite setupExtentReport -->
  <testcase classname="io.testlibrary.fc2.o.LaunchBrowser" name="@BeforeSuite setupExtentReport" time="0.0">
    <ignored/>
  </testcase> <!-- @BeforeSuite setupExtentReport -->
  <testcase classname="io.testlibrary.fc2.o.LaunchBrowser" name="@BeforeSuite setupExtentReport" time="0.0">
    <ignored/>
  </testcase> <!-- @BeforeSuite setupExtentReport -->
  <testcase classname="io.testlibrary.fc2.o.LaunchBrowser" name="@AfterSuite extentReport" time="0.0">
    <ignored/>
  </testcase> <!-- @AfterSuite extentReport -->
  <testcase classname="io.testlibrary.fc2.o.LaunchBrowser" name="@AfterSuite extentReport" time="0.0">
    <ignored/>
  </testcase> <!-- @AfterSuite extentReport -->
  <testcase classname="io.testlibrary.fc2.o.LaunchBrowser" name="@AfterSuite extentReport" time="0.0">
    <ignored/>
  </testcase> <!-- @AfterSuite extentReport -->
  <testcase classname="io.testlibrary.fc2.o.LaunchBrowser" name="@AfterSuite extentReport" time="0.0">
    <ignored/>
  </testcase> <!-- @AfterSuite extentReport -->
  <testcase classname="io.testlibrary.fc2.o.LaunchBrowser" name="@AfterSuite extentReport" time="0.0">
    <ignored/>
  </testcase> <!-- @AfterSuite extentReport -->
  <testcase classname="io.testlibrary.fc2.o.LaunchBrowser" name="@AfterTest browserQuit" time="0.0">
    <ignored/>
  </testcase> <!-- @AfterTest browserQuit -->
  <testcase classname="io.testlibrary.fc2.o.LaunchBrowser" name="@AfterTest browserQuit" time="0.0">
    <ignored/>
  </testcase> <!-- @AfterTest browserQuit -->
  <testcase classname="io.testlibrary.fc2.o.LaunchBrowser" name="@AfterTest browserQuit" time="0.0">
    <ignored/>
  </testcase> <!-- @AfterTest browserQuit -->
  <testcase classname="io.testlibrary.fc2.o.LaunchBrowser" name="@AfterTest browserQuit" time="0.0">
    <ignored/>
  </testcase> <!-- @AfterTest browserQuit -->
  <testcase classname="io.testlibrary.fc2.o.LaunchBrowser" name="@AfterTest browserQuit" time="0.0">
    <ignored/>
  </testcase> <!-- @AfterTest browserQuit -->
  <testcase classname="io.testlibrary.fc2.o.LaunchBrowser" name="@BeforeTest BrowserLaunch" time="0.0">
    <ignored/>
  </testcase> <!-- @BeforeTest BrowserLaunch -->
  <testcase classname="io.testlibrary.fc2.o.LaunchBrowser" name="@BeforeTest BrowserLaunch" time="0.0">
    <ignored/>
  </testcase> <!-- @BeforeTest BrowserLaunch -->
  <testcase classname="io.testlibrary.fc2.o.LaunchBrowser" name="@BeforeTest BrowserLaunch" time="0.0">
    <ignored/>
  </testcase> <!-- @BeforeTest BrowserLaunch -->
  <testcase classname="io.testlibrary.fc2.o.LaunchBrowser" name="@BeforeTest BrowserLaunch" time="0.0">
    <ignored/>
  </testcase> <!-- @BeforeTest BrowserLaunch -->
  <testcase classname="io.testlibrary.fc2.o.LaunchBrowser" name="@BeforeTest BrowserLaunch" time="0.0">
    <ignored/>
  </testcase> <!-- @BeforeTest BrowserLaunch -->
</testsuite> <!-- FormCreator2.0 TestScripts (Default Staging Version) Test Run 4 -->
