<?xml version="1.0" encoding="UTF-8"?>
<!-- Generated by org.testng.reporters.JUnitXMLReporter -->
<testsuite ignored="20" hostname="FULL065-PRT.local" failures="0" tests="6" name="FormCreator2.0 TestScripts (Default Staging Version) Test Run 1" time="847.538" errors="0" timestamp="2021-09-20T14:41:55 IST">
  <testcase classname="io.testscripts.fc2.o.GoogleSignInTestScripts" name="verifyGoogleSignIn" time="45.435"/>
  <testcase classname="io.testscripts.fc2.o.StaffTestScripts" name="verifyStaff" time="454.479"/>
  <testcase classname="io.testscripts.fc2.o.AddingAndDeletingFieldsTestScripts" name="verifyAddedAndDeletedFields" time="116.127"/>
  <testcase classname="io.testscripts.fc2.o.FindByUniquePinTestScripts" name="verifyFindByUniquePin" time="56.052"/>
  <testcase classname="io.testscripts.fc2.o.ScheduleBatchMessagesTestScripts" name="verifyScheduleBatchMessages" time="128.321"/>
  <testcase classname="io.testscripts.fc2.o.PlayGroundTestScripts" name="verifyPlayGroundPage" time="17.124"/>
  <testcase classname="io.testlibrary.fc2.o.LaunchBrowser" name="@BeforeSuite setupExtentReport" time="0.0">
    <ignored/>
  </testcase> <!-- @BeforeSuite setupExtentReport -->
  <testcase classname="io.testlibrary.fc2.o.LaunchBrowser" name="@BeforeSuite setupExtentReport" time="0.0">
    <ignored/>
  </testcase> <!-- @BeforeSuite setupExtentReport -->
  <testcase classname="io.testlibrary.fc2.o.LaunchBrowser" name="@BeforeSuite setupExtentReport" time="0.0">
    <ignored/>
  </testcase> <!-- @BeforeSuite setupExtentReport -->
  <testcase classname="io.testlibrary.fc2.o.LaunchBrowser" name="@BeforeSuite setupExtentReport" time="0.0">
    <ignored/>
  </testcase> <!-- @BeforeSuite setupExtentReport -->
  <testcase classname="io.testlibrary.fc2.o.LaunchBrowser" name="@BeforeSuite setupExtentReport" time="0.0">
    <ignored/>
  </testcase> <!-- @BeforeSuite setupExtentReport -->
  <testcase classname="io.testlibrary.fc2.o.LaunchBrowser" name="@AfterSuite extentReport" time="0.0">
    <ignored/>
  </testcase> <!-- @AfterSuite extentReport -->
  <testcase classname="io.testlibrary.fc2.o.LaunchBrowser" name="@AfterSuite extentReport" time="0.0">
    <ignored/>
  </testcase> <!-- @AfterSuite extentReport -->
  <testcase classname="io.testlibrary.fc2.o.LaunchBrowser" name="@AfterSuite extentReport" time="0.0">
    <ignored/>
  </testcase> <!-- @AfterSuite extentReport -->
  <testcase classname="io.testlibrary.fc2.o.LaunchBrowser" name="@AfterSuite extentReport" time="0.0">
    <ignored/>
  </testcase> <!-- @AfterSuite extentReport -->
  <testcase classname="io.testlibrary.fc2.o.LaunchBrowser" name="@AfterSuite extentReport" time="0.0">
    <ignored/>
  </testcase> <!-- @AfterSuite extentReport -->
  <testcase classname="io.testlibrary.fc2.o.LaunchBrowser" name="@AfterTest browserQuit" time="0.0">
    <ignored/>
  </testcase> <!-- @AfterTest browserQuit -->
  <testcase classname="io.testlibrary.fc2.o.LaunchBrowser" name="@AfterTest browserQuit" time="0.0">
    <ignored/>
  </testcase> <!-- @AfterTest browserQuit -->
  <testcase classname="io.testlibrary.fc2.o.LaunchBrowser" name="@AfterTest browserQuit" time="0.0">
    <ignored/>
  </testcase> <!-- @AfterTest browserQuit -->
  <testcase classname="io.testlibrary.fc2.o.LaunchBrowser" name="@AfterTest browserQuit" time="0.0">
    <ignored/>
  </testcase> <!-- @AfterTest browserQuit -->
  <testcase classname="io.testlibrary.fc2.o.LaunchBrowser" name="@AfterTest browserQuit" time="0.0">
    <ignored/>
  </testcase> <!-- @AfterTest browserQuit -->
  <testcase classname="io.testlibrary.fc2.o.LaunchBrowser" name="@BeforeTest BrowserLaunch" time="0.0">
    <ignored/>
  </testcase> <!-- @BeforeTest BrowserLaunch -->
  <testcase classname="io.testlibrary.fc2.o.LaunchBrowser" name="@BeforeTest BrowserLaunch" time="0.0">
    <ignored/>
  </testcase> <!-- @BeforeTest BrowserLaunch -->
  <testcase classname="io.testlibrary.fc2.o.LaunchBrowser" name="@BeforeTest BrowserLaunch" time="0.0">
    <ignored/>
  </testcase> <!-- @BeforeTest BrowserLaunch -->
  <testcase classname="io.testlibrary.fc2.o.LaunchBrowser" name="@BeforeTest BrowserLaunch" time="0.0">
    <ignored/>
  </testcase> <!-- @BeforeTest BrowserLaunch -->
  <testcase classname="io.testlibrary.fc2.o.LaunchBrowser" name="@BeforeTest BrowserLaunch" time="0.0">
    <ignored/>
  </testcase> <!-- @BeforeTest BrowserLaunch -->
</testsuite> <!-- FormCreator2.0 TestScripts (Default Staging Version) Test Run 1 -->
