<?xml version="1.0" encoding="UTF-8"?>
<!-- Generated by org.testng.reporters.JUnitXMLReporter -->
<testsuite ignored="24" hostname="FULL065-PRT.local" failures="0" tests="7" name="FormCreator2.0 TestScripts (Default Staging Version) Test Run 2" time="1066.436" errors="0" timestamp="2021-09-20T14:45:34 IST">
  <testcase classname="io.testscripts.fc2.o.GoogleSignInTestScripts" name="verifyGoogleSignIn" time="49.116"/>
  <testcase classname="io.testscripts.fc2.o.CopyAccountTemplateTestScripts" name="verifyCopyAccountTemplate" time="324.12"/>
  <testcase classname="io.testscripts.fc2.o.AddingAndDeletingUserTemplatesTestScripts" name="verifyAddedAndDeletedUserTemplates" time="92.445"/>
  <testcase classname="io.testscripts.fc2.o.ImportScriptTestScripts" name="verifyImportScriptingTemplate" time="138.184"/>
  <testcase classname="io.testscripts.fc2.o.OnCallScheduleTestScripts" name="verifyOnCallSchedule" time="132.65"/>
  <testcase classname="io.testscripts.fc2.o.ScheduleBehaviourTestScripts" name="verifyScheduleBehaviour" time="99.487"/>
  <testcase classname="io.testscripts.fc2.o.CallTransferTestScripts" name="verifyCallTransferField" time="209.732"/>
  <testcase classname="io.testlibrary.fc2.o.LaunchBrowser" name="@BeforeSuite setupExtentReport" time="0.0">
    <ignored/>
  </testcase> <!-- @BeforeSuite setupExtentReport -->
  <testcase classname="io.testlibrary.fc2.o.LaunchBrowser" name="@BeforeSuite setupExtentReport" time="0.0">
    <ignored/>
  </testcase> <!-- @BeforeSuite setupExtentReport -->
  <testcase classname="io.testlibrary.fc2.o.LaunchBrowser" name="@BeforeSuite setupExtentReport" time="0.0">
    <ignored/>
  </testcase> <!-- @BeforeSuite setupExtentReport -->
  <testcase classname="io.testlibrary.fc2.o.LaunchBrowser" name="@BeforeSuite setupExtentReport" time="0.0">
    <ignored/>
  </testcase> <!-- @BeforeSuite setupExtentReport -->
  <testcase classname="io.testlibrary.fc2.o.LaunchBrowser" name="@BeforeSuite setupExtentReport" time="0.0">
    <ignored/>
  </testcase> <!-- @BeforeSuite setupExtentReport -->
  <testcase classname="io.testlibrary.fc2.o.LaunchBrowser" name="@BeforeSuite setupExtentReport" time="0.0">
    <ignored/>
  </testcase> <!-- @BeforeSuite setupExtentReport -->
  <testcase classname="io.testlibrary.fc2.o.LaunchBrowser" name="@AfterSuite extentReport" time="0.0">
    <ignored/>
  </testcase> <!-- @AfterSuite extentReport -->
  <testcase classname="io.testlibrary.fc2.o.LaunchBrowser" name="@AfterSuite extentReport" time="0.0">
    <ignored/>
  </testcase> <!-- @AfterSuite extentReport -->
  <testcase classname="io.testlibrary.fc2.o.LaunchBrowser" name="@AfterSuite extentReport" time="0.0">
    <ignored/>
  </testcase> <!-- @AfterSuite extentReport -->
  <testcase classname="io.testlibrary.fc2.o.LaunchBrowser" name="@AfterSuite extentReport" time="0.0">
    <ignored/>
  </testcase> <!-- @AfterSuite extentReport -->
  <testcase classname="io.testlibrary.fc2.o.LaunchBrowser" name="@AfterSuite extentReport" time="0.0">
    <ignored/>
  </testcase> <!-- @AfterSuite extentReport -->
  <testcase classname="io.testlibrary.fc2.o.LaunchBrowser" name="@AfterSuite extentReport" time="0.0">
    <ignored/>
  </testcase> <!-- @AfterSuite extentReport -->
  <testcase classname="io.testlibrary.fc2.o.LaunchBrowser" name="@AfterTest browserQuit" time="0.0">
    <ignored/>
  </testcase> <!-- @AfterTest browserQuit -->
  <testcase classname="io.testlibrary.fc2.o.LaunchBrowser" name="@AfterTest browserQuit" time="0.0">
    <ignored/>
  </testcase> <!-- @AfterTest browserQuit -->
  <testcase classname="io.testlibrary.fc2.o.LaunchBrowser" name="@AfterTest browserQuit" time="0.0">
    <ignored/>
  </testcase> <!-- @AfterTest browserQuit -->
  <testcase classname="io.testlibrary.fc2.o.LaunchBrowser" name="@AfterTest browserQuit" time="0.0">
    <ignored/>
  </testcase> <!-- @AfterTest browserQuit -->
  <testcase classname="io.testlibrary.fc2.o.LaunchBrowser" name="@AfterTest browserQuit" time="0.0">
    <ignored/>
  </testcase> <!-- @AfterTest browserQuit -->
  <testcase classname="io.testlibrary.fc2.o.LaunchBrowser" name="@AfterTest browserQuit" time="0.0">
    <ignored/>
  </testcase> <!-- @AfterTest browserQuit -->
  <testcase classname="io.testlibrary.fc2.o.LaunchBrowser" name="@BeforeTest BrowserLaunch" time="0.0">
    <ignored/>
  </testcase> <!-- @BeforeTest BrowserLaunch -->
  <testcase classname="io.testlibrary.fc2.o.LaunchBrowser" name="@BeforeTest BrowserLaunch" time="0.0">
    <ignored/>
  </testcase> <!-- @BeforeTest BrowserLaunch -->
  <testcase classname="io.testlibrary.fc2.o.LaunchBrowser" name="@BeforeTest BrowserLaunch" time="0.0">
    <ignored/>
  </testcase> <!-- @BeforeTest BrowserLaunch -->
  <testcase classname="io.testlibrary.fc2.o.LaunchBrowser" name="@BeforeTest BrowserLaunch" time="0.0">
    <ignored/>
  </testcase> <!-- @BeforeTest BrowserLaunch -->
  <testcase classname="io.testlibrary.fc2.o.LaunchBrowser" name="@BeforeTest BrowserLaunch" time="0.0">
    <ignored/>
  </testcase> <!-- @BeforeTest BrowserLaunch -->
  <testcase classname="io.testlibrary.fc2.o.LaunchBrowser" name="@BeforeTest BrowserLaunch" time="0.0">
    <ignored/>
  </testcase> <!-- @BeforeTest BrowserLaunch -->
</testsuite> <!-- FormCreator2.0 TestScripts (Default Staging Version) Test Run 2 -->
