<?xml version="1.0" encoding="UTF-8"?>
<testng-results ignored="92" total="119" passed="27" failed="0" skipped="0">
  <reporter-output>
  </reporter-output>
  <suite started-at="2021-09-20T14:27:47 IST" name="Suite" finished-at="2021-09-20T14:45:33 IST" duration-ms="1066436">
    <groups>
    </groups>
    <test started-at="2021-09-20T14:27:47 IST" name="FormCreator2.0 TestScripts (Default Staging Version) Test Run 4" finished-at="2021-09-20T14:41:20 IST" duration-ms="812516">
      <class name="io.testscripts.fc2.o.ClearCacheTestScripts">
        <test-method signature="verifyClearCache(java.lang.String)[pri:0, instance:io.testscripts.fc2.o.ClearCacheTestScripts@71ba6d4e]" started-at="2021-09-20T14:28:49 IST" name="verifyClearCache" finished-at="2021-09-20T14:29:53 IST" duration-ms="63231" status="PASS">
          <params>
            <param index="0">
              <value>
                <![CDATA[1221234567]]>
              </value>
            </param>
          </params>
          <reporter-output>
          </reporter-output>
        </test-method> <!-- verifyClearCache -->
        <test-method is-config="true" signature="reload()[pri:0, instance:io.testscripts.fc2.o.ClearCacheTestScripts@71ba6d4e]" started-at="2021-09-20T14:29:53 IST" name="reload" finished-at="2021-09-20T14:29:56 IST" duration-ms="3638" status="PASS">
          <reporter-output>
          </reporter-output>
        </test-method> <!-- reload -->
      </class> <!-- io.testscripts.fc2.o.ClearCacheTestScripts -->
      <class name="io.testscripts.fc2.o.BusinessHoursAndClosuresTestScripts">
        <test-method signature="verifyBusinessHoursAndClosures(java.lang.String)[pri:0, instance:io.testscripts.fc2.o.BusinessHoursAndClosuresTestScripts@738dc9b]" started-at="2021-09-20T14:29:56 IST" name="verifyBusinessHoursAndClosures" finished-at="2021-09-20T14:32:24 IST" duration-ms="147553" status="PASS">
          <params>
            <param index="0">
              <value>
                <![CDATA[1221234567]]>
              </value>
            </param>
          </params>
          <reporter-output>
          </reporter-output>
        </test-method> <!-- verifyBusinessHoursAndClosures -->
        <test-method is-config="true" signature="reload()[pri:0, instance:io.testscripts.fc2.o.BusinessHoursAndClosuresTestScripts@738dc9b]" started-at="2021-09-20T14:32:24 IST" name="reload" finished-at="2021-09-20T14:32:26 IST" duration-ms="1766" status="PASS">
          <reporter-output>
          </reporter-output>
        </test-method> <!-- reload -->
      </class> <!-- io.testscripts.fc2.o.BusinessHoursAndClosuresTestScripts -->
      <class name="io.testscripts.fc2.o.FormVersionsTestScripts">
        <test-method signature="verifyFormVersionsPage(java.lang.String)[pri:0, instance:io.testscripts.fc2.o.FormVersionsTestScripts@63376bed]" started-at="2021-09-20T14:34:33 IST" name="verifyFormVersionsPage" finished-at="2021-09-20T14:36:56 IST" duration-ms="143236" status="PASS">
          <params>
            <param index="0">
              <value>
                <![CDATA[1221234567]]>
              </value>
            </param>
          </params>
          <reporter-output>
          </reporter-output>
        </test-method> <!-- verifyFormVersionsPage -->
        <test-method is-config="true" signature="reload()[pri:0, instance:io.testscripts.fc2.o.FormVersionsTestScripts@63376bed]" started-at="2021-09-20T14:36:56 IST" name="reload" finished-at="2021-09-20T14:37:00 IST" duration-ms="4218" status="PASS">
          <reporter-output>
          </reporter-output>
        </test-method> <!-- reload -->
      </class> <!-- io.testscripts.fc2.o.FormVersionsTestScripts -->
      <class name="io.testscripts.fc2.o.SpanishScriptingTestScripts">
        <test-method signature="verifySpanishScripting(java.lang.String)[pri:0, instance:io.testscripts.fc2.o.SpanishScriptingTestScripts@3c77d488]" started-at="2021-09-20T14:32:26 IST" name="verifySpanishScripting" finished-at="2021-09-20T14:34:28 IST" duration-ms="122798" status="PASS">
          <params>
            <param index="0">
              <value>
                <![CDATA[1221234567]]>
              </value>
            </param>
          </params>
          <reporter-output>
          </reporter-output>
        </test-method> <!-- verifySpanishScripting -->
        <test-method is-config="true" signature="reload()[pri:0, instance:io.testscripts.fc2.o.SpanishScriptingTestScripts@3c77d488]" started-at="2021-09-20T14:34:28 IST" name="reload" finished-at="2021-09-20T14:34:33 IST" duration-ms="4403" status="PASS">
          <reporter-output>
          </reporter-output>
        </test-method> <!-- reload -->
      </class> <!-- io.testscripts.fc2.o.SpanishScriptingTestScripts -->
      <class name="io.testscripts.fc2.o.GoogleSignInTestScripts">
        <test-method is-config="true" signature="setupExtentReport()[pri:0, instance:io.testscripts.fc2.o.GoogleSignInTestScripts@55a147cc]" started-at="2021-09-20T14:27:47 IST" name="setupExtentReport" finished-at="2021-09-20T14:27:47 IST" duration-ms="327" status="PASS">
          <reporter-output>
          </reporter-output>
        </test-method> <!-- setupExtentReport -->
        <test-method is-config="true" signature="BrowserLaunch(java.lang.String, java.lang.String)[pri:0, instance:io.testscripts.fc2.o.GoogleSignInTestScripts@55a147cc]" started-at="2021-09-20T14:27:47 IST" name="BrowserLaunch" finished-at="2021-09-20T14:27:55 IST" duration-ms="8090" status="PASS">
          <params>
            <param index="0">
              <value>
                <![CDATA[https://formcreator.full.io]]>
              </value>
            </param>
            <param index="1">
              <value>
                <![CDATA[4]]>
              </value>
            </param>
          </params>
          <reporter-output>
          </reporter-output>
        </test-method> <!-- BrowserLaunch -->
        <test-method signature="verifyGoogleSignIn(java.lang.String, java.lang.String, int)[pri:0, instance:io.testscripts.fc2.o.GoogleSignInTestScripts@55a147cc]" started-at="2021-09-20T14:27:55 IST" name="verifyGoogleSignIn" finished-at="2021-09-20T14:28:49 IST" duration-ms="54228" status="PASS">
          <params>
            <param index="0">
              <value>
                <![CDATA[formcreatorteam@a-cti.com]]>
              </value>
            </param>
            <param index="1">
              <value>
                <![CDATA[fctest@1234]]>
              </value>
            </param>
            <param index="2">
              <value>
                <![CDATA[4]]>
              </value>
            </param>
          </params>
          <reporter-output>
          </reporter-output>
        </test-method> <!-- verifyGoogleSignIn -->
        <test-method is-config="true" signature="browserQuit()[pri:0, instance:io.testscripts.fc2.o.GoogleSignInTestScripts@55a147cc]" started-at="2021-09-20T14:41:19 IST" name="browserQuit" finished-at="2021-09-20T14:41:20 IST" duration-ms="390" status="PASS">
          <reporter-output>
          </reporter-output>
        </test-method> <!-- browserQuit -->
        <test-method is-config="true" signature="extentReport()[pri:0, instance:io.testscripts.fc2.o.GoogleSignInTestScripts@55a147cc]" started-at="2021-09-20T14:45:34 IST" name="extentReport" finished-at="2021-09-20T14:45:34 IST" duration-ms="468" status="PASS">
          <reporter-output>
          </reporter-output>
        </test-method> <!-- extentReport -->
      </class> <!-- io.testscripts.fc2.o.GoogleSignInTestScripts -->
      <class name="io.testscripts.fc2.o.UpdateInCwaTestScripts">
        <test-method signature="verifyCwaUpdates(java.lang.String)[pri:0, instance:io.testscripts.fc2.o.UpdateInCwaTestScripts@4145bad8]" started-at="2021-09-20T14:37:00 IST" name="verifyCwaUpdates" finished-at="2021-09-20T14:41:18 IST" duration-ms="257395" status="PASS">
          <params>
            <param index="0">
              <value>
                <![CDATA[1221234567]]>
              </value>
            </param>
          </params>
          <reporter-output>
          </reporter-output>
        </test-method> <!-- verifyCwaUpdates -->
        <test-method is-config="true" signature="reload()[pri:0, instance:io.testscripts.fc2.o.UpdateInCwaTestScripts@4145bad8]" started-at="2021-09-20T14:41:18 IST" name="reload" finished-at="2021-09-20T14:41:19 IST" duration-ms="1538" status="PASS">
          <reporter-output>
          </reporter-output>
        </test-method> <!-- reload -->
      </class> <!-- io.testscripts.fc2.o.UpdateInCwaTestScripts -->
    </test> <!-- FormCreator2.0 TestScripts (Default Staging Version) Test Run 4 -->
    <test started-at="2021-09-20T14:27:47 IST" name="FormCreator2.0 TestScripts (Default Staging Version) Test Run 1" finished-at="2021-09-20T14:41:55 IST" duration-ms="847538">
      <class name="io.testscripts.fc2.o.StaffTestScripts">
        <test-method signature="verifyStaff(java.lang.String)[pri:0, instance:io.testscripts.fc2.o.StaffTestScripts@2b48a640]" started-at="2021-09-20T14:28:50 IST" name="verifyStaff" finished-at="2021-09-20T14:36:24 IST" duration-ms="454479" status="PASS">
          <params>
            <param index="0">
              <value>
                <![CDATA[8009215976]]>
              </value>
            </param>
          </params>
          <reporter-output>
          </reporter-output>
        </test-method> <!-- verifyStaff -->
        <test-method is-config="true" signature="reload()[pri:0, instance:io.testscripts.fc2.o.StaffTestScripts@2b48a640]" started-at="2021-09-20T14:36:24 IST" name="reload" finished-at="2021-09-20T14:36:26 IST" duration-ms="1854" status="PASS">
          <reporter-output>
          </reporter-output>
        </test-method> <!-- reload -->
      </class> <!-- io.testscripts.fc2.o.StaffTestScripts -->
      <class name="io.testscripts.fc2.o.AddingAndDeletingFieldsTestScripts">
        <test-method signature="verifyAddedAndDeletedFields(java.lang.String)[pri:0, instance:io.testscripts.fc2.o.AddingAndDeletingFieldsTestScripts@1e683a3e]" started-at="2021-09-20T14:36:26 IST" name="verifyAddedAndDeletedFields" finished-at="2021-09-20T14:38:22 IST" duration-ms="116127" status="PASS">
          <params>
            <param index="0">
              <value>
                <![CDATA[8009215976]]>
              </value>
            </param>
          </params>
          <reporter-output>
          </reporter-output>
        </test-method> <!-- verifyAddedAndDeletedFields -->
        <test-method is-config="true" signature="reload()[pri:0, instance:io.testscripts.fc2.o.AddingAndDeletingFieldsTestScripts@1e683a3e]" started-at="2021-09-20T14:38:22 IST" name="reload" finished-at="2021-09-20T14:38:26 IST" duration-ms="4182" status="PASS">
          <reporter-output>
          </reporter-output>
        </test-method> <!-- reload -->
      </class> <!-- io.testscripts.fc2.o.AddingAndDeletingFieldsTestScripts -->
      <class name="io.testscripts.fc2.o.PlayGroundTestScripts">
        <test-method signature="verifyPlayGroundPage(java.lang.String)[pri:0, instance:io.testscripts.fc2.o.PlayGroundTestScripts@14555e0a]" started-at="2021-09-20T14:41:36 IST" name="verifyPlayGroundPage" finished-at="2021-09-20T14:41:53 IST" duration-ms="17124" status="PASS">
          <params>
            <param index="0">
              <value>
                <![CDATA[8009215976]]>
              </value>
            </param>
          </params>
          <reporter-output>
          </reporter-output>
        </test-method> <!-- verifyPlayGroundPage -->
        <test-method is-config="true" signature="reload()[pri:0, instance:io.testscripts.fc2.o.PlayGroundTestScripts@14555e0a]" started-at="2021-09-20T14:41:53 IST" name="reload" finished-at="2021-09-20T14:41:54 IST" duration-ms="1462" status="PASS">
          <reporter-output>
          </reporter-output>
        </test-method> <!-- reload -->
      </class> <!-- io.testscripts.fc2.o.PlayGroundTestScripts -->
      <class name="io.testscripts.fc2.o.GoogleSignInTestScripts">
        <test-method is-config="true" signature="BrowserLaunch(java.lang.String, java.lang.String)[pri:0, instance:io.testscripts.fc2.o.GoogleSignInTestScripts@4d02f94e]" started-at="2021-09-20T14:27:47 IST" name="BrowserLaunch" finished-at="2021-09-20T14:28:04 IST" duration-ms="17343" status="PASS">
          <params>
            <param index="0">
              <value>
                <![CDATA[https://formcreator.full.io]]>
              </value>
            </param>
            <param index="1">
              <value>
                <![CDATA[1]]>
              </value>
            </param>
          </params>
          <reporter-output>
          </reporter-output>
        </test-method> <!-- BrowserLaunch -->
        <test-method signature="verifyGoogleSignIn(java.lang.String, java.lang.String, int)[pri:0, instance:io.testscripts.fc2.o.GoogleSignInTestScripts@4d02f94e]" started-at="2021-09-20T14:28:04 IST" name="verifyGoogleSignIn" finished-at="2021-09-20T14:28:50 IST" duration-ms="45435" status="PASS">
          <params>
            <param index="0">
              <value>
                <![CDATA[formcreatorteam@a-cti.com]]>
              </value>
            </param>
            <param index="1">
              <value>
                <![CDATA[fctest@1234]]>
              </value>
            </param>
            <param index="2">
              <value>
                <![CDATA[1]]>
              </value>
            </param>
          </params>
          <reporter-output>
          </reporter-output>
        </test-method> <!-- verifyGoogleSignIn -->
        <test-method is-config="true" signature="browserQuit()[pri:0, instance:io.testscripts.fc2.o.GoogleSignInTestScripts@4d02f94e]" started-at="2021-09-20T14:41:54 IST" name="browserQuit" finished-at="2021-09-20T14:41:55 IST" duration-ms="324" status="PASS">
          <reporter-output>
          </reporter-output>
        </test-method> <!-- browserQuit -->
      </class> <!-- io.testscripts.fc2.o.GoogleSignInTestScripts -->
      <class name="io.testscripts.fc2.o.ScheduleBatchMessagesTestScripts">
        <test-method signature="verifyScheduleBatchMessages(java.lang.String)[pri:0, instance:io.testscripts.fc2.o.ScheduleBatchMessagesTestScripts@7a419da4]" started-at="2021-09-20T14:39:24 IST" name="verifyScheduleBatchMessages" finished-at="2021-09-20T14:41:32 IST" duration-ms="128321" status="PASS">
          <params>
            <param index="0">
              <value>
                <![CDATA[8009215976]]>
              </value>
            </param>
          </params>
          <reporter-output>
          </reporter-output>
        </test-method> <!-- verifyScheduleBatchMessages -->
        <test-method is-config="true" signature="reload()[pri:0, instance:io.testscripts.fc2.o.ScheduleBatchMessagesTestScripts@7a419da4]" started-at="2021-09-20T14:41:32 IST" name="reload" finished-at="2021-09-20T14:41:36 IST" duration-ms="3201" status="PASS">
          <reporter-output>
          </reporter-output>
        </test-method> <!-- reload -->
      </class> <!-- io.testscripts.fc2.o.ScheduleBatchMessagesTestScripts -->
      <class name="io.testscripts.fc2.o.FindByUniquePinTestScripts">
        <test-method signature="verifyFindByUniquePin(java.lang.String)[pri:0, instance:io.testscripts.fc2.o.FindByUniquePinTestScripts@2053d869]" started-at="2021-09-20T14:38:26 IST" name="verifyFindByUniquePin" finished-at="2021-09-20T14:39:22 IST" duration-ms="56052" status="PASS">
          <params>
            <param index="0">
              <value>
                <![CDATA[AMTFR]]>
              </value>
            </param>
          </params>
          <reporter-output>
          </reporter-output>
        </test-method> <!-- verifyFindByUniquePin -->
        <test-method is-config="true" signature="reload()[pri:0, instance:io.testscripts.fc2.o.FindByUniquePinTestScripts@2053d869]" started-at="2021-09-20T14:39:22 IST" name="reload" finished-at="2021-09-20T14:39:24 IST" duration-ms="1620" status="PASS">
          <reporter-output>
          </reporter-output>
        </test-method> <!-- reload -->
      </class> <!-- io.testscripts.fc2.o.FindByUniquePinTestScripts -->
    </test> <!-- FormCreator2.0 TestScripts (Default Staging Version) Test Run 1 -->
    <test started-at="2021-09-20T14:27:47 IST" name="FormCreator2.0 TestScripts (Default Staging Version) Test Run 3" finished-at="2021-09-20T14:43:18 IST" duration-ms="930997">
      <class name="io.testscripts.fc2.o.CutAndPasteFieldsTestScripts">
        <test-method signature="verifyFieldsEdit(java.lang.String)[pri:0, instance:io.testscripts.fc2.o.CutAndPasteFieldsTestScripts@942a29c]" started-at="2021-09-20T14:31:37 IST" name="verifyFieldsEdit" finished-at="2021-09-20T14:34:35 IST" duration-ms="177439" status="PASS">
          <params>
            <param index="0">
              <value>
                <![CDATA[1301234567]]>
              </value>
            </param>
          </params>
          <reporter-output>
          </reporter-output>
        </test-method> <!-- verifyFieldsEdit -->
        <test-method is-config="true" signature="reload()[pri:0, instance:io.testscripts.fc2.o.CutAndPasteFieldsTestScripts@942a29c]" started-at="2021-09-20T14:34:35 IST" name="reload" finished-at="2021-09-20T14:34:39 IST" duration-ms="4183" status="PASS">
          <reporter-output>
          </reporter-output>
        </test-method> <!-- reload -->
      </class> <!-- io.testscripts.fc2.o.CutAndPasteFieldsTestScripts -->
      <class name="io.testscripts.fc2.o.HolidayScriptingTestScripts">
        <test-method signature="verifyHolidayScripting(java.lang.String)[pri:0, instance:io.testscripts.fc2.o.HolidayScriptingTestScripts@5a45133e]" started-at="2021-09-20T14:37:34 IST" name="verifyHolidayScripting" finished-at="2021-09-20T14:39:36 IST" duration-ms="121996" status="PASS">
          <params>
            <param index="0">
              <value>
                <![CDATA[1301234567]]>
              </value>
            </param>
          </params>
          <reporter-output>
          </reporter-output>
        </test-method> <!-- verifyHolidayScripting -->
        <test-method is-config="true" signature="reload()[pri:0, instance:io.testscripts.fc2.o.HolidayScriptingTestScripts@5a45133e]" started-at="2021-09-20T14:39:36 IST" name="reload" finished-at="2021-09-20T14:39:39 IST" duration-ms="2368" status="PASS">
          <reporter-output>
          </reporter-output>
        </test-method> <!-- reload -->
      </class> <!-- io.testscripts.fc2.o.HolidayScriptingTestScripts -->
      <class name="io.testscripts.fc2.o.CopyAndPasteFieldsTestScripts">
        <test-method signature="verifyCopyPasteFields(java.lang.String)[pri:0, instance:io.testscripts.fc2.o.CopyAndPasteFieldsTestScripts@1ed6388a]" started-at="2021-09-20T14:34:39 IST" name="verifyCopyPasteFields" finished-at="2021-09-20T14:37:31 IST" duration-ms="172465" status="PASS">
          <params>
            <param index="0">
              <value>
                <![CDATA[1301234567]]>
              </value>
            </param>
          </params>
          <reporter-output>
          </reporter-output>
        </test-method> <!-- verifyCopyPasteFields -->
        <test-method is-config="true" signature="reload()[pri:0, instance:io.testscripts.fc2.o.CopyAndPasteFieldsTestScripts@1ed6388a]" started-at="2021-09-20T14:37:31 IST" name="reload" finished-at="2021-09-20T14:37:34 IST" duration-ms="3037" status="PASS">
          <reporter-output>
          </reporter-output>
        </test-method> <!-- reload -->
      </class> <!-- io.testscripts.fc2.o.CopyAndPasteFieldsTestScripts -->
      <class name="io.testscripts.fc2.o.ScenariosTestScripts">
        <test-method signature="verifyScenarios(java.lang.String)[pri:0, instance:io.testscripts.fc2.o.ScenariosTestScripts@3527942a]" started-at="2021-09-20T14:30:12 IST" name="verifyScenarios" finished-at="2021-09-20T14:31:34 IST" duration-ms="81796" status="PASS">
          <params>
            <param index="0">
              <value>
                <![CDATA[1301234567]]>
              </value>
            </param>
          </params>
          <reporter-output>
          </reporter-output>
        </test-method> <!-- verifyScenarios -->
        <test-method is-config="true" signature="reload()[pri:0, instance:io.testscripts.fc2.o.ScenariosTestScripts@3527942a]" started-at="2021-09-20T14:31:34 IST" name="reload" finished-at="2021-09-20T14:31:37 IST" duration-ms="3606" status="PASS">
          <reporter-output>
          </reporter-output>
        </test-method> <!-- reload -->
      </class> <!-- io.testscripts.fc2.o.ScenariosTestScripts -->
      <class name="io.testscripts.fc2.o.AccountDetailsTestScripts">
        <test-method signature="verifyAcccountDetails(java.lang.String)[pri:0, instance:io.testscripts.fc2.o.AccountDetailsTestScripts@3f6f6701]" started-at="2021-09-20T14:28:46 IST" name="verifyAcccountDetails" finished-at="2021-09-20T14:30:06 IST" duration-ms="80024" status="PASS">
          <params>
            <param index="0">
              <value>
                <![CDATA[1301234567]]>
              </value>
            </param>
          </params>
          <reporter-output>
          </reporter-output>
        </test-method> <!-- verifyAcccountDetails -->
        <test-method is-config="true" signature="reload()[pri:0, instance:io.testscripts.fc2.o.AccountDetailsTestScripts@3f6f6701]" started-at="2021-09-20T14:30:06 IST" name="reload" finished-at="2021-09-20T14:30:12 IST" duration-ms="5827" status="PASS">
          <reporter-output>
          </reporter-output>
        </test-method> <!-- reload -->
      </class> <!-- io.testscripts.fc2.o.AccountDetailsTestScripts -->
      <class name="io.testscripts.fc2.o.GoogleSignInTestScripts">
        <test-method is-config="true" signature="BrowserLaunch(java.lang.String, java.lang.String)[pri:0, instance:io.testscripts.fc2.o.GoogleSignInTestScripts@242b836]" started-at="2021-09-20T14:27:47 IST" name="BrowserLaunch" finished-at="2021-09-20T14:28:04 IST" duration-ms="16658" status="PASS">
          <params>
            <param index="0">
              <value>
                <![CDATA[https://formcreator.full.io]]>
              </value>
            </param>
            <param index="1">
              <value>
                <![CDATA[3]]>
              </value>
            </param>
          </params>
          <reporter-output>
          </reporter-output>
        </test-method> <!-- BrowserLaunch -->
        <test-method signature="verifyGoogleSignIn(java.lang.String, java.lang.String, int)[pri:0, instance:io.testscripts.fc2.o.GoogleSignInTestScripts@242b836]" started-at="2021-09-20T14:28:04 IST" name="verifyGoogleSignIn" finished-at="2021-09-20T14:28:46 IST" duration-ms="42426" status="PASS">
          <params>
            <param index="0">
              <value>
                <![CDATA[formcreatorteam@a-cti.com]]>
              </value>
            </param>
            <param index="1">
              <value>
                <![CDATA[fctest@1234]]>
              </value>
            </param>
            <param index="2">
              <value>
                <![CDATA[3]]>
              </value>
            </param>
          </params>
          <reporter-output>
          </reporter-output>
        </test-method> <!-- verifyGoogleSignIn -->
        <test-method is-config="true" signature="browserQuit()[pri:0, instance:io.testscripts.fc2.o.GoogleSignInTestScripts@242b836]" started-at="2021-09-20T14:43:18 IST" name="browserQuit" finished-at="2021-09-20T14:43:18 IST" duration-ms="244" status="PASS">
          <reporter-output>
          </reporter-output>
        </test-method> <!-- browserQuit -->
      </class> <!-- io.testscripts.fc2.o.GoogleSignInTestScripts -->
      <class name="io.testscripts.fc2.o.UkAccountTestScripts">
        <test-method signature="verifyUKAcccount(java.lang.String)[pri:0, instance:io.testscripts.fc2.o.UkAccountTestScripts@534a5a98]" started-at="2021-09-20T14:39:39 IST" name="verifyUKAcccount" finished-at="2021-09-20T14:40:44 IST" duration-ms="65254" status="PASS">
          <params>
            <param index="0">
              <value>
                <![CDATA[02038683769]]>
              </value>
            </param>
          </params>
          <reporter-output>
          </reporter-output>
        </test-method> <!-- verifyUKAcccount -->
        <test-method is-config="true" signature="reload()[pri:0, instance:io.testscripts.fc2.o.UkAccountTestScripts@534a5a98]" started-at="2021-09-20T14:40:44 IST" name="reload" finished-at="2021-09-20T14:40:48 IST" duration-ms="3767" status="PASS">
          <reporter-output>
          </reporter-output>
        </test-method> <!-- reload -->
      </class> <!-- io.testscripts.fc2.o.UkAccountTestScripts -->
      <class name="io.testscripts.fc2.o.TimeBasedDecisionTreeTestScripts">
        <test-method signature="verifyTimeBasedDecisionTree(java.lang.String)[pri:0, instance:io.testscripts.fc2.o.TimeBasedDecisionTreeTestScripts@4f80542f]" started-at="2021-09-20T14:40:48 IST" name="verifyTimeBasedDecisionTree" finished-at="2021-09-20T14:43:16 IST" duration-ms="148448" status="PASS">
          <params>
            <param index="0">
              <value>
                <![CDATA[1301234567]]>
              </value>
            </param>
          </params>
          <reporter-output>
          </reporter-output>
        </test-method> <!-- verifyTimeBasedDecisionTree -->
        <test-method is-config="true" signature="reload()[pri:0, instance:io.testscripts.fc2.o.TimeBasedDecisionTreeTestScripts@4f80542f]" started-at="2021-09-20T14:43:16 IST" name="reload" finished-at="2021-09-20T14:43:18 IST" duration-ms="1433" status="PASS">
          <reporter-output>
          </reporter-output>
        </test-method> <!-- reload -->
      </class> <!-- io.testscripts.fc2.o.TimeBasedDecisionTreeTestScripts -->
    </test> <!-- FormCreator2.0 TestScripts (Default Staging Version) Test Run 3 -->
    <test started-at="2021-09-20T14:27:47 IST" name="FormCreator2.0 TestScripts (Default Staging Version) Test Run 2" finished-at="2021-09-20T14:45:33 IST" duration-ms="1066436">
      <class name="io.testscripts.fc2.o.AddingAndDeletingUserTemplatesTestScripts">
        <test-method signature="verifyAddedAndDeletedUserTemplates(java.lang.String)[pri:0, instance:io.testscripts.fc2.o.AddingAndDeletingUserTemplatesTestScripts@3e11f9e9]" started-at="2021-09-20T14:34:10 IST" name="verifyAddedAndDeletedUserTemplates" finished-at="2021-09-20T14:35:42 IST" duration-ms="92445" status="PASS">
          <params>
            <param index="0">
              <value>
                <![CDATA[9704717992]]>
              </value>
            </param>
          </params>
          <reporter-output>
          </reporter-output>
        </test-method> <!-- verifyAddedAndDeletedUserTemplates -->
        <test-method is-config="true" signature="reload()[pri:0, instance:io.testscripts.fc2.o.AddingAndDeletingUserTemplatesTestScripts@3e11f9e9]" started-at="2021-09-20T14:35:42 IST" name="reload" finished-at="2021-09-20T14:35:45 IST" duration-ms="3060" status="PASS">
          <reporter-output>
          </reporter-output>
        </test-method> <!-- reload -->
      </class> <!-- io.testscripts.fc2.o.AddingAndDeletingUserTemplatesTestScripts -->
      <class name="io.testscripts.fc2.o.ScheduleBehaviourTestScripts">
        <test-method signature="verifyScheduleBehaviour(java.lang.String)[pri:0, instance:io.testscripts.fc2.o.ScheduleBehaviourTestScripts@31fa1761]" started-at="2021-09-20T14:40:22 IST" name="verifyScheduleBehaviour" finished-at="2021-09-20T14:42:01 IST" duration-ms="99487" status="PASS">
          <params>
            <param index="0">
              <value>
                <![CDATA[9704717992]]>
              </value>
            </param>
          </params>
          <reporter-output>
          </reporter-output>
        </test-method> <!-- verifyScheduleBehaviour -->
        <test-method is-config="true" signature="reload()[pri:0, instance:io.testscripts.fc2.o.ScheduleBehaviourTestScripts@31fa1761]" started-at="2021-09-20T14:42:01 IST" name="reload" finished-at="2021-09-20T14:42:02 IST" duration-ms="1085" status="PASS">
          <reporter-output>
          </reporter-output>
        </test-method> <!-- reload -->
      </class> <!-- io.testscripts.fc2.o.ScheduleBehaviourTestScripts -->
      <class name="io.testscripts.fc2.o.OnCallScheduleTestScripts">
        <test-method signature="verifyOnCallSchedule(java.lang.String)[pri:0, instance:io.testscripts.fc2.o.OnCallScheduleTestScripts@729d991e]" started-at="2021-09-20T14:38:08 IST" name="verifyOnCallSchedule" finished-at="2021-09-20T14:40:21 IST" duration-ms="132650" status="PASS">
          <params>
            <param index="0">
              <value>
                <![CDATA[9704717992]]>
              </value>
            </param>
          </params>
          <reporter-output>
          </reporter-output>
        </test-method> <!-- verifyOnCallSchedule -->
        <test-method is-config="true" signature="reload()[pri:0, instance:io.testscripts.fc2.o.OnCallScheduleTestScripts@729d991e]" started-at="2021-09-20T14:40:21 IST" name="reload" finished-at="2021-09-20T14:40:22 IST" duration-ms="1194" status="PASS">
          <reporter-output>
          </reporter-output>
        </test-method> <!-- reload -->
      </class> <!-- io.testscripts.fc2.o.OnCallScheduleTestScripts -->
      <class name="io.testscripts.fc2.o.GoogleSignInTestScripts">
        <test-method is-config="true" signature="BrowserLaunch(java.lang.String, java.lang.String)[pri:0, instance:io.testscripts.fc2.o.GoogleSignInTestScripts@316bcf94]" started-at="2021-09-20T14:27:47 IST" name="BrowserLaunch" finished-at="2021-09-20T14:27:55 IST" duration-ms="7754" status="PASS">
          <params>
            <param index="0">
              <value>
                <![CDATA[https://formcreator.full.io]]>
              </value>
            </param>
            <param index="1">
              <value>
                <![CDATA[2]]>
              </value>
            </param>
          </params>
          <reporter-output>
          </reporter-output>
        </test-method> <!-- BrowserLaunch -->
        <test-method signature="verifyGoogleSignIn(java.lang.String, java.lang.String, int)[pri:0, instance:io.testscripts.fc2.o.GoogleSignInTestScripts@316bcf94]" started-at="2021-09-20T14:27:55 IST" name="verifyGoogleSignIn" finished-at="2021-09-20T14:28:44 IST" duration-ms="49116" status="PASS">
          <params>
            <param index="0">
              <value>
                <![CDATA[formcreatorteam@a-cti.com]]>
              </value>
            </param>
            <param index="1">
              <value>
                <![CDATA[fctest@1234]]>
              </value>
            </param>
            <param index="2">
              <value>
                <![CDATA[2]]>
              </value>
            </param>
          </params>
          <reporter-output>
          </reporter-output>
        </test-method> <!-- verifyGoogleSignIn -->
        <test-method is-config="true" signature="browserQuit()[pri:0, instance:io.testscripts.fc2.o.GoogleSignInTestScripts@316bcf94]" started-at="2021-09-20T14:45:33 IST" name="browserQuit" finished-at="2021-09-20T14:45:33 IST" duration-ms="229" status="PASS">
          <reporter-output>
          </reporter-output>
        </test-method> <!-- browserQuit -->
      </class> <!-- io.testscripts.fc2.o.GoogleSignInTestScripts -->
      <class name="io.testscripts.fc2.o.CallTransferTestScripts">
        <test-method signature="verifyCallTransferField(java.lang.String)[pri:0, instance:io.testscripts.fc2.o.CallTransferTestScripts@957e06]" started-at="2021-09-20T14:42:02 IST" name="verifyCallTransferField" finished-at="2021-09-20T14:45:32 IST" duration-ms="209732" status="PASS">
          <params>
            <param index="0">
              <value>
                <![CDATA[9704717992]]>
              </value>
            </param>
          </params>
          <reporter-output>
          </reporter-output>
        </test-method> <!-- verifyCallTransferField -->
        <test-method is-config="true" signature="reload()[pri:0, instance:io.testscripts.fc2.o.CallTransferTestScripts@957e06]" started-at="2021-09-20T14:45:32 IST" name="reload" finished-at="2021-09-20T14:45:33 IST" duration-ms="1153" status="PASS">
          <reporter-output>
          </reporter-output>
        </test-method> <!-- reload -->
      </class> <!-- io.testscripts.fc2.o.CallTransferTestScripts -->
      <class name="io.testscripts.fc2.o.ImportScriptTestScripts">
        <test-method signature="verifyImportScriptingTemplate(java.lang.String)[pri:0, instance:io.testscripts.fc2.o.ImportScriptTestScripts@1de5f259]" started-at="2021-09-20T14:35:45 IST" name="verifyImportScriptingTemplate" finished-at="2021-09-20T14:38:04 IST" duration-ms="138184" status="PASS">
          <params>
            <param index="0">
              <value>
                <![CDATA[9704717992]]>
              </value>
            </param>
          </params>
          <reporter-output>
          </reporter-output>
        </test-method> <!-- verifyImportScriptingTemplate -->
        <test-method is-config="true" signature="reload()[pri:0, instance:io.testscripts.fc2.o.ImportScriptTestScripts@1de5f259]" started-at="2021-09-20T14:38:04 IST" name="reload" finished-at="2021-09-20T14:38:08 IST" duration-ms="4331" status="PASS">
          <reporter-output>
          </reporter-output>
        </test-method> <!-- reload -->
      </class> <!-- io.testscripts.fc2.o.ImportScriptTestScripts -->
      <class name="io.testscripts.fc2.o.CopyAccountTemplateTestScripts">
        <test-method signature="verifyCopyAccountTemplate(java.lang.String, java.lang.String)[pri:0, instance:io.testscripts.fc2.o.CopyAccountTemplateTestScripts@6404f418]" started-at="2021-09-20T14:28:44 IST" name="verifyCopyAccountTemplate" finished-at="2021-09-20T14:34:08 IST" duration-ms="324120" status="PASS">
          <params>
            <param index="0">
              <value>
                <![CDATA[9704717992]]>
              </value>
            </param>
            <param index="1">
              <value>
                <![CDATA[1004266982]]>
              </value>
            </param>
          </params>
          <reporter-output>
          </reporter-output>
        </test-method> <!-- verifyCopyAccountTemplate -->
        <test-method is-config="true" signature="reload()[pri:0, instance:io.testscripts.fc2.o.CopyAccountTemplateTestScripts@6404f418]" started-at="2021-09-20T14:34:08 IST" name="reload" finished-at="2021-09-20T14:34:10 IST" duration-ms="1843" status="PASS">
          <reporter-output>
          </reporter-output>
        </test-method> <!-- reload -->
      </class> <!-- io.testscripts.fc2.o.CopyAccountTemplateTestScripts -->
    </test> <!-- FormCreator2.0 TestScripts (Default Staging Version) Test Run 2 -->
  </suite> <!-- Suite -->
</testng-results>
