<?xml version="1.0" encoding="UTF-8"?>
<!-- Generated by org.testng.reporters.JUnitReportReporter -->
<testsuite hostname="FULL065-PRT.local" failures="0" tests="1" name="io.testscripts.fc2.o.TimeBasedDecisionTreeTestScripts" time="149.881" errors="0" timestamp="2021-09-20T14:45:34 IST" skipped="0">
  <testcase classname="io.testscripts.fc2.o.TimeBasedDecisionTreeTestScripts" name="verifyTimeBasedDecisionTree" time="149.881"/>
  <system-out/>
</testsuite> <!-- io.testscripts.fc2.o.TimeBasedDecisionTreeTestScripts -->
